{"level":"warn","message":"POST en /api/users - at 14/3/2024 - 08:53:04"}
{"level":"error","message":"POST en /api/users - at 14/3/2024 - 08:53:04"}
{"level":"warn","message":"GET en /api/users - at 14/3/2024 - 08:53:06"}
{"level":"error","message":"GET en /api/users - at 14/3/2024 - 08:53:06"}
{"level":"warning","message":"GET en /api/users - at 14/3/2024 - 09:18:44"}
{"level":"error","message":"GET en /api/users - at 14/3/2024 - 09:18:44"}
{"level":"warning","message":"GET en /api/users - at 14/3/2024 - 09:27:34"}
{"level":"error","message":"GET en /api/users - at 14/3/2024 - 09:27:34"}
{"level":"warning","message":"GET en /api/users - at 14/3/2024 - 09:38:09"}
{"level":"error","message":"GET en /api/users - at 14/3/2024 - 09:38:09"}
{"level":"warning","message":"GET en /logger - at 14/3/2024 - 09:40:18"}
{"level":"error","message":"GET en /logger - at 14/3/2024 - 09:40:18"}
{"level":"warning","message":"Prueba de log level warning --> en Endpoint"}
{"level":"warning","message":"GET en /api/users/test - at 14/3/2024 - 11:56:02"}
{"level":"error","message":"GET en /api/users/test - at 14/3/2024 - 11:56:02"}
{"level":"warning","message":"GET en /api/users/test - at 14/3/2024 - 11:56:02"}
{"level":"error","message":"GET en /api/users/test - at 14/3/2024 - 11:56:02"}
{"level":"warning","message":"GET en /api/users/test - at 14/3/2024 - 11:56:02"}
{"level":"error","message":"GET en /api/users/test - at 14/3/2024 - 11:56:02"}
{"level":"warning","message":"GET en /api/users/test - at 14/3/2024 - 11:56:02"}
{"level":"error","message":"GET en /api/users/test - at 14/3/2024 - 11:56:02"}
{"level":"warning","message":"GET en /api/users/test - at 14/3/2024 - 11:56:02"}
{"level":"error","message":"GET en /api/users/test - at 14/3/2024 - 11:56:02"}
{"level":"warning","message":"GET en /api/users/test - at 14/3/2024 - 11:56:03"}
{"level":"error","message":"GET en /api/users/test - at 14/3/2024 - 11:56:03"}
{"level":"warning","message":"GET en /api/users/test - at 14/3/2024 - 11:56:03"}
{"level":"error","message":"GET en /api/users/test - at 14/3/2024 - 11:56:03"}
{"level":"warning","message":"GET en /api/users/test - at 14/3/2024 - 11:56:03"}
{"level":"error","message":"GET en /api/users/test - at 14/3/2024 - 11:56:03"}
{"level":"warning","message":"GET en /api/users/test - at 14/3/2024 - 11:56:03"}
{"level":"error","message":"GET en /api/users/test - at 14/3/2024 - 11:56:03"}
{"level":"warning","message":"GET en /api/users/test - at 14/3/2024 - 11:56:03"}
{"level":"error","message":"GET en /api/users/test - at 14/3/2024 - 11:56:03"}
{"level":"warning","message":"GET en /api/users/test - at 14/3/2024 - 11:56:03"}
{"level":"error","message":"GET en /api/users/test - at 14/3/2024 - 11:56:03"}
{"level":"warning","message":"GET en /api/users/test - at 14/3/2024 - 11:56:03"}
{"level":"error","message":"GET en /api/users/test - at 14/3/2024 - 11:56:03"}
{"level":"warning","message":"GET en /api/users/test - at 14/3/2024 - 11:56:03"}
{"level":"error","message":"GET en /api/users/test - at 14/3/2024 - 11:56:03"}
{"level":"warning","message":"GET en /api/users/test - at 14/3/2024 - 11:56:03"}
{"level":"error","message":"GET en /api/users/test - at 14/3/2024 - 11:56:03"}
{"level":"warning","message":"GET en /api/users/test - at 14/3/2024 - 11:56:03"}
{"level":"error","message":"GET en /api/users/test - at 14/3/2024 - 11:56:03"}
{"level":"warning","message":"GET en /api/users/test - at 14/3/2024 - 11:56:04"}
{"level":"error","message":"GET en /api/users/test - at 14/3/2024 - 11:56:04"}
{"level":"warning","message":"GET en /api/users/test - at 14/3/2024 - 11:56:04"}
{"level":"error","message":"GET en /api/users/test - at 14/3/2024 - 11:56:04"}
{"level":"warning","message":"GET en /api/users/test - at 14/3/2024 - 11:56:04"}
{"level":"error","message":"GET en /api/users/test - at 14/3/2024 - 11:56:04"}
{"level":"warning","message":"GET en /api/users/test - at 14/3/2024 - 11:56:04"}
{"level":"error","message":"GET en /api/users/test - at 14/3/2024 - 11:56:04"}
{"level":"warning","message":"GET en /api/users/test - at 14/3/2024 - 11:56:04"}
{"level":"error","message":"GET en /api/users/test - at 14/3/2024 - 11:56:04"}
{"level":"warning","message":"GET en /api/users/test - at 14/3/2024 - 11:56:04"}
{"level":"error","message":"GET en /api/users/test - at 14/3/2024 - 11:56:04"}
{"level":"warning","message":"GET en /api/users/test - at 14/3/2024 - 11:56:04"}
{"level":"error","message":"GET en /api/users/test - at 14/3/2024 - 11:56:04"}
{"level":"warning","message":"GET en /api/users/test - at 14/3/2024 - 11:56:04"}
{"level":"error","message":"GET en /api/users/test - at 14/3/2024 - 11:56:04"}
{"level":"warning","message":"GET en /api/users/test - at 14/3/2024 - 11:56:04"}
{"level":"error","message":"GET en /api/users/test - at 14/3/2024 - 11:56:04"}
{"level":"warning","message":"GET en /api/users/test - at 14/3/2024 - 11:56:04"}
{"level":"error","message":"GET en /api/users/test - at 14/3/2024 - 11:56:04"}
{"level":"warning","message":"GET en /api/users/test - at 14/3/2024 - 11:56:05"}
{"level":"error","message":"GET en /api/users/test - at 14/3/2024 - 11:56:05"}
{"level":"warning","message":"GET en /api/users/test - at 14/3/2024 - 11:56:05"}
{"level":"error","message":"GET en /api/users/test - at 14/3/2024 - 11:56:05"}
{"level":"warning","message":"GET en /api/users/test - at 14/3/2024 - 11:56:05"}
{"level":"error","message":"GET en /api/users/test - at 14/3/2024 - 11:56:05"}
{"level":"warning","message":"GET en /api/users/test - at 14/3/2024 - 11:56:05"}
{"level":"error","message":"GET en /api/users/test - at 14/3/2024 - 11:56:05"}
{"level":"warning","message":"GET en /api/users/test - at 14/3/2024 - 11:56:05"}
{"level":"error","message":"GET en /api/users/test - at 14/3/2024 - 11:56:05"}
{"level":"warning","message":"GET en /api/users/test - at 14/3/2024 - 11:56:05"}
{"level":"error","message":"GET en /api/users/test - at 14/3/2024 - 11:56:05"}
{"level":"warning","message":"GET en /api/users/test - at 14/3/2024 - 11:56:05"}
{"level":"error","message":"GET en /api/users/test - at 14/3/2024 - 11:56:05"}
{"level":"warning","message":"GET en /api/users/test - at 14/3/2024 - 11:56:05"}
{"level":"error","message":"GET en /api/users/test - at 14/3/2024 - 11:56:05"}
{"level":"warning","message":"GET en /api/users/test - at 14/3/2024 - 11:56:05"}
{"level":"error","message":"GET en /api/users/test - at 14/3/2024 - 11:56:05"}
{"level":"warning","message":"GET en /api/users/test - at 14/3/2024 - 11:56:05"}
{"level":"error","message":"GET en /api/users/test - at 14/3/2024 - 11:56:05"}
{"level":"warning","message":"GET en /api/users/test - at 14/3/2024 - 11:56:06"}
{"level":"error","message":"GET en /api/users/test - at 14/3/2024 - 11:56:06"}
{"level":"warning","message":"GET en /api/users/test - at 14/3/2024 - 11:56:06"}
{"level":"error","message":"GET en /api/users/test - at 14/3/2024 - 11:56:06"}
{"level":"warning","message":"GET en /api/users/test - at 14/3/2024 - 11:56:06"}
{"level":"error","message":"GET en /api/users/test - at 14/3/2024 - 11:56:06"}
{"level":"warning","message":"GET en /api/users/test - at 14/3/2024 - 11:56:06"}
{"level":"error","message":"GET en /api/users/test - at 14/3/2024 - 11:56:06"}
{"level":"warning","message":"GET en /api/users/test - at 14/3/2024 - 11:56:06"}
{"level":"error","message":"GET en /api/users/test - at 14/3/2024 - 11:56:06"}
{"level":"warning","message":"GET en /api/users/test - at 14/3/2024 - 11:56:06"}
{"level":"error","message":"GET en /api/users/test - at 14/3/2024 - 11:56:06"}
{"level":"warning","message":"GET en /api/users/test - at 14/3/2024 - 11:56:06"}
{"level":"error","message":"GET en /api/users/test - at 14/3/2024 - 11:56:06"}
{"level":"warning","message":"GET en /api/users/test - at 14/3/2024 - 11:56:06"}
{"level":"error","message":"GET en /api/users/test - at 14/3/2024 - 11:56:06"}
{"level":"warning","message":"GET en /api/users/test - at 14/3/2024 - 11:56:06"}
{"level":"error","message":"GET en /api/users/test - at 14/3/2024 - 11:56:06"}
{"level":"warning","message":"GET en /api/users/test - at 14/3/2024 - 11:56:06"}
{"level":"error","message":"GET en /api/users/test - at 14/3/2024 - 11:56:06"}
{"level":"warning","message":"GET en /api/users/test - at 14/3/2024 - 11:56:07"}
{"level":"error","message":"GET en /api/users/test - at 14/3/2024 - 11:56:07"}
{"level":"warning","message":"GET en /api/users/test - at 14/3/2024 - 11:56:07"}
{"level":"error","message":"GET en /api/users/test - at 14/3/2024 - 11:56:07"}
{"level":"warning","message":"GET en /api/users/test - at 14/3/2024 - 11:56:07"}
{"level":"error","message":"GET en /api/users/test - at 14/3/2024 - 11:56:07"}
{"level":"warning","message":"GET en /api/users/test - at 14/3/2024 - 11:56:07"}
{"level":"error","message":"GET en /api/users/test - at 14/3/2024 - 11:56:07"}
{"level":"warning","message":"GET en /api/users/test - at 14/3/2024 - 11:56:07"}
{"level":"error","message":"GET en /api/users/test - at 14/3/2024 - 11:56:07"}
{"level":"warning","message":"GET en /api/users/test - at 14/3/2024 - 11:56:07"}
{"level":"error","message":"GET en /api/users/test - at 14/3/2024 - 11:56:07"}
{"level":"warning","message":"GET en /api/users/test - at 14/3/2024 - 11:56:07"}
{"level":"error","message":"GET en /api/users/test - at 14/3/2024 - 11:56:07"}
{"level":"warning","message":"GET en /api/users/test - at 14/3/2024 - 11:56:07"}
{"level":"error","message":"GET en /api/users/test - at 14/3/2024 - 11:56:07"}
{"level":"warning","message":"GET en /api/users/test - at 14/3/2024 - 11:56:07"}
{"level":"error","message":"GET en /api/users/test - at 14/3/2024 - 11:56:07"}
{"level":"warning","message":"GET en /api/users/test - at 14/3/2024 - 11:56:07"}
{"level":"error","message":"GET en /api/users/test - at 14/3/2024 - 11:56:07"}
{"level":"warning","message":"GET en /api/users/test - at 14/3/2024 - 11:56:08"}
{"level":"error","message":"GET en /api/users/test - at 14/3/2024 - 11:56:08"}
{"level":"warning","message":"GET en /api/users/test - at 14/3/2024 - 11:56:08"}
{"level":"error","message":"GET en /api/users/test - at 14/3/2024 - 11:56:08"}
{"level":"warning","message":"GET en /api/users/test - at 14/3/2024 - 11:56:08"}
{"level":"error","message":"GET en /api/users/test - at 14/3/2024 - 11:56:08"}
{"level":"warning","message":"GET en /api/users/test - at 14/3/2024 - 11:56:08"}
{"level":"error","message":"GET en /api/users/test - at 14/3/2024 - 11:56:08"}
{"level":"warning","message":"GET en /api/users/test - at 14/3/2024 - 11:56:08"}
{"level":"error","message":"GET en /api/users/test - at 14/3/2024 - 11:56:08"}
{"level":"warning","message":"GET en /api/users/test - at 14/3/2024 - 11:56:08"}
{"level":"error","message":"GET en /api/users/test - at 14/3/2024 - 11:56:08"}
{"level":"warning","message":"GET en /api/users/test - at 14/3/2024 - 11:56:08"}
{"level":"error","message":"GET en /api/users/test - at 14/3/2024 - 11:56:08"}
{"level":"warning","message":"GET en /api/users/test - at 14/3/2024 - 11:56:08"}
{"level":"error","message":"GET en /api/users/test - at 14/3/2024 - 11:56:08"}
{"level":"warning","message":"GET en /api/users/test - at 14/3/2024 - 11:56:08"}
{"level":"error","message":"GET en /api/users/test - at 14/3/2024 - 11:56:08"}
{"level":"warning","message":"GET en /api/users/test - at 14/3/2024 - 11:56:08"}
{"level":"error","message":"GET en /api/users/test - at 14/3/2024 - 11:56:08"}
{"level":"warning","message":"GET en /api/users/test - at 14/3/2024 - 11:56:09"}
{"level":"error","message":"GET en /api/users/test - at 14/3/2024 - 11:56:09"}
{"level":"warning","message":"GET en /api/users/test - at 14/3/2024 - 11:56:09"}
{"level":"error","message":"GET en /api/users/test - at 14/3/2024 - 11:56:09"}
{"level":"warning","message":"GET en /api/users/test - at 14/3/2024 - 11:56:09"}
{"level":"error","message":"GET en /api/users/test - at 14/3/2024 - 11:56:09"}
{"level":"warning","message":"GET en /api/users/test - at 14/3/2024 - 11:56:09"}
{"level":"error","message":"GET en /api/users/test - at 14/3/2024 - 11:56:09"}
{"level":"warning","message":"GET en /api/users/test - at 14/3/2024 - 11:56:09"}
{"level":"error","message":"GET en /api/users/test - at 14/3/2024 - 11:56:09"}
{"level":"warning","message":"GET en /api/users/test - at 14/3/2024 - 11:56:09"}
{"level":"error","message":"GET en /api/users/test - at 14/3/2024 - 11:56:09"}
{"level":"warning","message":"GET en /api/users/test - at 14/3/2024 - 11:56:09"}
{"level":"error","message":"GET en /api/users/test - at 14/3/2024 - 11:56:09"}
{"level":"warning","message":"GET en /api/users/test - at 14/3/2024 - 11:56:09"}
{"level":"error","message":"GET en /api/users/test - at 14/3/2024 - 11:56:09"}
{"level":"warning","message":"GET en /api/users/test - at 14/3/2024 - 11:56:09"}
{"level":"error","message":"GET en /api/users/test - at 14/3/2024 - 11:56:09"}
{"level":"warning","message":"GET en /api/users/test - at 14/3/2024 - 11:56:09"}
{"level":"error","message":"GET en /api/users/test - at 14/3/2024 - 11:56:09"}
{"level":"warning","message":"GET en /api/users/test - at 14/3/2024 - 11:56:10"}
{"level":"error","message":"GET en /api/users/test - at 14/3/2024 - 11:56:10"}
{"level":"warning","message":"GET en /api/users/test - at 14/3/2024 - 11:56:10"}
{"level":"error","message":"GET en /api/users/test - at 14/3/2024 - 11:56:10"}
{"level":"warning","message":"GET en /api/users/test - at 14/3/2024 - 11:56:10"}
{"level":"error","message":"GET en /api/users/test - at 14/3/2024 - 11:56:10"}
{"level":"warning","message":"GET en /api/users/test - at 14/3/2024 - 11:56:10"}
{"level":"error","message":"GET en /api/users/test - at 14/3/2024 - 11:56:10"}
{"level":"warning","message":"GET en /api/users/test - at 14/3/2024 - 11:56:10"}
{"level":"error","message":"GET en /api/users/test - at 14/3/2024 - 11:56:10"}
{"level":"warning","message":"GET en /api/users/test - at 14/3/2024 - 11:56:10"}
{"level":"error","message":"GET en /api/users/test - at 14/3/2024 - 11:56:10"}
{"level":"warning","message":"GET en /api/users/test - at 14/3/2024 - 11:56:10"}
{"level":"error","message":"GET en /api/users/test - at 14/3/2024 - 11:56:10"}
{"level":"warning","message":"GET en /api/users/test - at 14/3/2024 - 11:56:10"}
{"level":"error","message":"GET en /api/users/test - at 14/3/2024 - 11:56:10"}
{"level":"warning","message":"GET en /api/users/test - at 14/3/2024 - 11:56:10"}
{"level":"error","message":"GET en /api/users/test - at 14/3/2024 - 11:56:10"}
{"level":"warning","message":"GET en /api/users/test - at 14/3/2024 - 11:56:10"}
{"level":"error","message":"GET en /api/users/test - at 14/3/2024 - 11:56:10"}
{"level":"warning","message":"GET en /api/users/test - at 14/3/2024 - 11:56:11"}
{"level":"error","message":"GET en /api/users/test - at 14/3/2024 - 11:56:11"}
{"level":"warning","message":"GET en /api/users/test - at 14/3/2024 - 11:56:11"}
{"level":"error","message":"GET en /api/users/test - at 14/3/2024 - 11:56:11"}
{"level":"warning","message":"GET en /api/users/test - at 14/3/2024 - 11:56:11"}
{"level":"error","message":"GET en /api/users/test - at 14/3/2024 - 11:56:11"}
{"level":"warning","message":"GET en /api/users/test - at 14/3/2024 - 11:56:11"}
{"level":"error","message":"GET en /api/users/test - at 14/3/2024 - 11:56:11"}
{"level":"warning","message":"GET en /api/users/test - at 14/3/2024 - 11:56:11"}
{"level":"error","message":"GET en /api/users/test - at 14/3/2024 - 11:56:11"}
{"level":"warning","message":"GET en /api/users/test - at 14/3/2024 - 11:56:11"}
{"level":"error","message":"GET en /api/users/test - at 14/3/2024 - 11:56:11"}
{"level":"warning","message":"GET en /api/users/test - at 14/3/2024 - 11:56:11"}
{"level":"error","message":"GET en /api/users/test - at 14/3/2024 - 11:56:11"}
{"level":"warning","message":"GET en /api/users/test - at 14/3/2024 - 11:56:11"}
{"level":"error","message":"GET en /api/users/test - at 14/3/2024 - 11:56:11"}
{"level":"warning","message":"GET en /api/users/test - at 14/3/2024 - 11:56:11"}
{"level":"error","message":"GET en /api/users/test - at 14/3/2024 - 11:56:11"}
{"level":"warning","message":"GET en /api/users/test - at 14/3/2024 - 11:56:11"}
{"level":"error","message":"GET en /api/users/test - at 14/3/2024 - 11:56:11"}
{"level":"warning","message":"GET en /api/users/test - at 14/3/2024 - 11:56:12"}
{"level":"error","message":"GET en /api/users/test - at 14/3/2024 - 11:56:12"}
{"level":"warning","message":"GET en /api/users/test - at 14/3/2024 - 11:56:12"}
{"level":"error","message":"GET en /api/users/test - at 14/3/2024 - 11:56:12"}
{"level":"warning","message":"GET en /api/users/test - at 14/3/2024 - 11:56:12"}
{"level":"error","message":"GET en /api/users/test - at 14/3/2024 - 11:56:12"}
{"level":"warning","message":"GET en /api/users/test - at 14/3/2024 - 11:56:12"}
{"level":"error","message":"GET en /api/users/test - at 14/3/2024 - 11:56:12"}
{"level":"warning","message":"GET en /api/users/test - at 14/3/2024 - 11:56:13"}
{"level":"error","message":"GET en /api/users/test - at 14/3/2024 - 11:56:13"}
{"level":"warning","message":"GET en /api/users/test - at 14/3/2024 - 11:56:13"}
{"level":"error","message":"GET en /api/users/test - at 14/3/2024 - 11:56:13"}
{"level":"warning","message":"GET en /api/users/test - at 14/3/2024 - 11:56:13"}
{"level":"error","message":"GET en /api/users/test - at 14/3/2024 - 11:56:13"}
{"level":"warning","message":"GET en /api/users/test - at 14/3/2024 - 11:56:13"}
{"level":"error","message":"GET en /api/users/test - at 14/3/2024 - 11:56:13"}
{"level":"warning","message":"GET en /api/users/test - at 14/3/2024 - 11:56:13"}
{"level":"error","message":"GET en /api/users/test - at 14/3/2024 - 11:56:13"}
{"level":"warning","message":"GET en /api/users/test - at 14/3/2024 - 11:56:13"}
{"level":"error","message":"GET en /api/users/test - at 14/3/2024 - 11:56:13"}
{"level":"warning","message":"GET en /api/users/test - at 14/3/2024 - 11:56:13"}
{"level":"error","message":"GET en /api/users/test - at 14/3/2024 - 11:56:13"}
{"level":"warning","message":"GET en /api/users/test - at 14/3/2024 - 11:56:13"}
{"level":"error","message":"GET en /api/users/test - at 14/3/2024 - 11:56:13"}
{"level":"warning","message":"GET en /api/users/test - at 14/3/2024 - 11:56:13"}
{"level":"error","message":"GET en /api/users/test - at 14/3/2024 - 11:56:13"}
{"level":"warning","message":"GET en /api/users/test - at 14/3/2024 - 11:56:13"}
{"level":"error","message":"GET en /api/users/test - at 14/3/2024 - 11:56:13"}
{"level":"warning","message":"GET en /api/users/test - at 14/3/2024 - 11:56:13"}
{"level":"error","message":"GET en /api/users/test - at 14/3/2024 - 11:56:13"}
{"level":"warning","message":"GET en /api/users/test - at 14/3/2024 - 11:56:13"}
{"level":"error","message":"GET en /api/users/test - at 14/3/2024 - 11:56:13"}
{"level":"warning","message":"GET en /api/users/test - at 14/3/2024 - 11:56:13"}
{"level":"error","message":"GET en /api/users/test - at 14/3/2024 - 11:56:13"}
{"level":"warning","message":"GET en /api/users/test - at 14/3/2024 - 11:56:13"}
{"level":"error","message":"GET en /api/users/test - at 14/3/2024 - 11:56:13"}
{"level":"warning","message":"GET en /api/users/test - at 14/3/2024 - 11:56:13"}
{"level":"error","message":"GET en /api/users/test - at 14/3/2024 - 11:56:13"}
{"level":"warning","message":"GET en /api/users/test - at 14/3/2024 - 11:56:14"}
{"level":"error","message":"GET en /api/users/test - at 14/3/2024 - 11:56:14"}
{"level":"warning","message":"GET en /api/users/test - at 14/3/2024 - 11:56:14"}
{"level":"error","message":"GET en /api/users/test - at 14/3/2024 - 11:56:14"}
{"level":"warning","message":"GET en /api/users/test - at 14/3/2024 - 11:56:14"}
{"level":"error","message":"GET en /api/users/test - at 14/3/2024 - 11:56:14"}
{"level":"warning","message":"GET en /api/users/test - at 14/3/2024 - 11:56:14"}
{"level":"error","message":"GET en /api/users/test - at 14/3/2024 - 11:56:14"}
{"level":"warning","message":"GET en /api/users/test - at 14/3/2024 - 11:56:14"}
{"level":"error","message":"GET en /api/users/test - at 14/3/2024 - 11:56:14"}
{"level":"warning","message":"GET en /api/users/test - at 14/3/2024 - 11:56:14"}
{"level":"error","message":"GET en /api/users/test - at 14/3/2024 - 11:56:14"}
{"level":"warning","message":"GET en /api/users/test - at 14/3/2024 - 11:56:14"}
{"level":"error","message":"GET en /api/users/test - at 14/3/2024 - 11:56:14"}
{"level":"warning","message":"GET en /api/users/test - at 14/3/2024 - 11:56:14"}
{"level":"error","message":"GET en /api/users/test - at 14/3/2024 - 11:56:14"}
{"level":"warning","message":"GET en /api/users/test - at 14/3/2024 - 11:56:14"}
{"level":"error","message":"GET en /api/users/test - at 14/3/2024 - 11:56:14"}
{"level":"warning","message":"GET en /api/users/test - at 14/3/2024 - 11:56:14"}
{"level":"error","message":"GET en /api/users/test - at 14/3/2024 - 11:56:14"}
{"level":"warning","message":"GET en /api/users/test - at 14/3/2024 - 11:56:14"}
{"level":"error","message":"GET en /api/users/test - at 14/3/2024 - 11:56:14"}
{"level":"warning","message":"GET en /api/users/test - at 14/3/2024 - 11:56:15"}
{"level":"error","message":"GET en /api/users/test - at 14/3/2024 - 11:56:15"}
{"level":"warning","message":"GET en /api/users/test - at 14/3/2024 - 11:56:15"}
{"level":"error","message":"GET en /api/users/test - at 14/3/2024 - 11:56:15"}
{"level":"warning","message":"GET en /api/users/test - at 14/3/2024 - 11:56:15"}
{"level":"error","message":"GET en /api/users/test - at 14/3/2024 - 11:56:15"}
{"level":"warning","message":"GET en /api/users/test - at 14/3/2024 - 11:56:15"}
{"level":"error","message":"GET en /api/users/test - at 14/3/2024 - 11:56:15"}
{"level":"warning","message":"GET en /api/users/test - at 14/3/2024 - 11:56:15"}
{"level":"error","message":"GET en /api/users/test - at 14/3/2024 - 11:56:15"}
{"level":"warning","message":"GET en /api/users/test - at 14/3/2024 - 11:56:15"}
{"level":"error","message":"GET en /api/users/test - at 14/3/2024 - 11:56:15"}
{"level":"warning","message":"GET en /api/users/test - at 14/3/2024 - 11:56:15"}
{"level":"error","message":"GET en /api/users/test - at 14/3/2024 - 11:56:15"}
{"level":"warning","message":"GET en /api/users/test - at 14/3/2024 - 11:56:15"}
{"level":"error","message":"GET en /api/users/test - at 14/3/2024 - 11:56:15"}
{"level":"warning","message":"GET en /api/users/test - at 14/3/2024 - 11:56:15"}
{"level":"error","message":"GET en /api/users/test - at 14/3/2024 - 11:56:15"}
{"level":"warning","message":"GET en /api/users/test - at 14/3/2024 - 11:56:15"}
{"level":"error","message":"GET en /api/users/test - at 14/3/2024 - 11:56:15"}
{"level":"warning","message":"GET en /api/users/test - at 14/3/2024 - 11:56:16"}
{"level":"error","message":"GET en /api/users/test - at 14/3/2024 - 11:56:16"}
{"level":"warning","message":"GET en /api/users/test - at 14/3/2024 - 11:56:16"}
{"level":"error","message":"GET en /api/users/test - at 14/3/2024 - 11:56:16"}
{"level":"warning","message":"GET en /api/users/test - at 14/3/2024 - 11:56:16"}
{"level":"error","message":"GET en /api/users/test - at 14/3/2024 - 11:56:16"}
{"level":"warning","message":"GET en /api/users/test - at 14/3/2024 - 11:56:16"}
{"level":"error","message":"GET en /api/users/test - at 14/3/2024 - 11:56:16"}
{"level":"warning","message":"GET en /api/users/test - at 14/3/2024 - 11:56:16"}
{"level":"error","message":"GET en /api/users/test - at 14/3/2024 - 11:56:16"}
{"level":"warning","message":"GET en /api/users/test - at 14/3/2024 - 11:56:16"}
{"level":"error","message":"GET en /api/users/test - at 14/3/2024 - 11:56:16"}
{"level":"warning","message":"GET en /api/users/test - at 14/3/2024 - 11:56:16"}
{"level":"error","message":"GET en /api/users/test - at 14/3/2024 - 11:56:16"}
{"level":"warning","message":"GET en /api/users/test - at 14/3/2024 - 11:56:16"}
{"level":"error","message":"GET en /api/users/test - at 14/3/2024 - 11:56:16"}
{"level":"warning","message":"GET en /api/users/test - at 14/3/2024 - 11:56:16"}
{"level":"error","message":"GET en /api/users/test - at 14/3/2024 - 11:56:16"}
{"level":"warning","message":"GET en /api/users/test - at 14/3/2024 - 11:56:16"}
{"level":"error","message":"GET en /api/users/test - at 14/3/2024 - 11:56:16"}
{"level":"warning","message":"GET en /api/users/test - at 14/3/2024 - 11:56:17"}
{"level":"error","message":"GET en /api/users/test - at 14/3/2024 - 11:56:17"}
{"level":"warning","message":"GET en /api/users/test - at 14/3/2024 - 11:56:17"}
{"level":"error","message":"GET en /api/users/test - at 14/3/2024 - 11:56:17"}
{"level":"warning","message":"GET en /api/users/test - at 14/3/2024 - 11:56:17"}
{"level":"error","message":"GET en /api/users/test - at 14/3/2024 - 11:56:17"}
{"level":"warning","message":"GET en /api/users/test - at 14/3/2024 - 11:56:17"}
{"level":"error","message":"GET en /api/users/test - at 14/3/2024 - 11:56:17"}
{"level":"warning","message":"GET en /api/users/test - at 14/3/2024 - 11:56:17"}
{"level":"error","message":"GET en /api/users/test - at 14/3/2024 - 11:56:17"}
{"level":"warning","message":"GET en /api/users/test - at 14/3/2024 - 11:56:17"}
{"level":"error","message":"GET en /api/users/test - at 14/3/2024 - 11:56:17"}
{"level":"warning","message":"GET en /api/users/test - at 14/3/2024 - 11:56:17"}
{"level":"error","message":"GET en /api/users/test - at 14/3/2024 - 11:56:17"}
{"level":"warning","message":"GET en /api/users/test - at 14/3/2024 - 11:56:17"}
{"level":"error","message":"GET en /api/users/test - at 14/3/2024 - 11:56:17"}
{"level":"warning","message":"GET en /api/users/test - at 14/3/2024 - 11:56:17"}
{"level":"error","message":"GET en /api/users/test - at 14/3/2024 - 11:56:17"}
{"level":"warning","message":"GET en /api/users/test - at 14/3/2024 - 11:56:17"}
{"level":"error","message":"GET en /api/users/test - at 14/3/2024 - 11:56:17"}
{"level":"warning","message":"GET en /api/users/test - at 14/3/2024 - 11:56:18"}
{"level":"error","message":"GET en /api/users/test - at 14/3/2024 - 11:56:18"}
{"level":"warning","message":"GET en /api/users/test - at 14/3/2024 - 11:56:18"}
{"level":"error","message":"GET en /api/users/test - at 14/3/2024 - 11:56:18"}
{"level":"warning","message":"GET en /api/users/test - at 14/3/2024 - 11:56:18"}
{"level":"error","message":"GET en /api/users/test - at 14/3/2024 - 11:56:18"}
{"level":"warning","message":"GET en /api/users/test - at 14/3/2024 - 11:56:18"}
{"level":"error","message":"GET en /api/users/test - at 14/3/2024 - 11:56:18"}
{"level":"warning","message":"GET en /api/users/test - at 14/3/2024 - 11:56:18"}
{"level":"error","message":"GET en /api/users/test - at 14/3/2024 - 11:56:18"}
{"level":"warning","message":"GET en /api/users/test - at 14/3/2024 - 11:56:18"}
{"level":"error","message":"GET en /api/users/test - at 14/3/2024 - 11:56:18"}
{"level":"warning","message":"GET en /api/users/test - at 14/3/2024 - 11:56:18"}
{"level":"error","message":"GET en /api/users/test - at 14/3/2024 - 11:56:18"}
{"level":"warning","message":"GET en /api/users/test - at 14/3/2024 - 11:56:18"}
{"level":"error","message":"GET en /api/users/test - at 14/3/2024 - 11:56:18"}
{"level":"warning","message":"GET en /api/users/test - at 14/3/2024 - 11:56:18"}
{"level":"error","message":"GET en /api/users/test - at 14/3/2024 - 11:56:18"}
{"level":"warning","message":"GET en /api/users/test - at 14/3/2024 - 11:56:18"}
{"level":"error","message":"GET en /api/users/test - at 14/3/2024 - 11:56:18"}
{"level":"warning","message":"GET en /api/users/test - at 14/3/2024 - 11:56:19"}
{"level":"error","message":"GET en /api/users/test - at 14/3/2024 - 11:56:19"}
{"level":"warning","message":"GET en /api/users/test - at 14/3/2024 - 11:56:19"}
{"level":"error","message":"GET en /api/users/test - at 14/3/2024 - 11:56:19"}
{"level":"warning","message":"GET en /api/users/test - at 14/3/2024 - 11:56:19"}
{"level":"error","message":"GET en /api/users/test - at 14/3/2024 - 11:56:19"}
{"level":"warning","message":"GET en /api/users/test - at 14/3/2024 - 11:56:19"}
{"level":"error","message":"GET en /api/users/test - at 14/3/2024 - 11:56:19"}
{"level":"warning","message":"GET en /api/users/test - at 14/3/2024 - 11:56:19"}
{"level":"error","message":"GET en /api/users/test - at 14/3/2024 - 11:56:19"}
{"level":"warning","message":"GET en /api/users/test - at 14/3/2024 - 11:56:19"}
{"level":"error","message":"GET en /api/users/test - at 14/3/2024 - 11:56:19"}
{"level":"warning","message":"GET en /api/users/test - at 14/3/2024 - 11:56:19"}
{"level":"error","message":"GET en /api/users/test - at 14/3/2024 - 11:56:19"}
{"level":"warning","message":"GET en /api/users/test - at 14/3/2024 - 11:56:19"}
{"level":"error","message":"GET en /api/users/test - at 14/3/2024 - 11:56:19"}
{"level":"warning","message":"GET en /api/users/test - at 14/3/2024 - 11:56:19"}
{"level":"error","message":"GET en /api/users/test - at 14/3/2024 - 11:56:19"}
{"level":"warning","message":"GET en /api/users/test - at 14/3/2024 - 11:56:19"}
{"level":"error","message":"GET en /api/users/test - at 14/3/2024 - 11:56:19"}
{"level":"warning","message":"GET en /api/users/test - at 14/3/2024 - 11:56:20"}
{"level":"error","message":"GET en /api/users/test - at 14/3/2024 - 11:56:20"}
{"level":"warning","message":"GET en /api/users/test - at 14/3/2024 - 11:56:20"}
{"level":"error","message":"GET en /api/users/test - at 14/3/2024 - 11:56:20"}
{"level":"warning","message":"GET en /api/users/test - at 14/3/2024 - 11:56:20"}
{"level":"error","message":"GET en /api/users/test - at 14/3/2024 - 11:56:20"}
{"level":"warning","message":"GET en /api/users/test - at 14/3/2024 - 11:56:20"}
{"level":"error","message":"GET en /api/users/test - at 14/3/2024 - 11:56:20"}
{"level":"warning","message":"GET en /api/users/test - at 14/3/2024 - 11:56:20"}
{"level":"error","message":"GET en /api/users/test - at 14/3/2024 - 11:56:20"}
{"level":"warning","message":"GET en /api/users/test - at 14/3/2024 - 11:56:20"}
{"level":"error","message":"GET en /api/users/test - at 14/3/2024 - 11:56:20"}
{"level":"warning","message":"GET en /api/users/test - at 14/3/2024 - 11:56:20"}
{"level":"error","message":"GET en /api/users/test - at 14/3/2024 - 11:56:20"}
{"level":"warning","message":"GET en /api/users/test - at 14/3/2024 - 11:56:20"}
{"level":"error","message":"GET en /api/users/test - at 14/3/2024 - 11:56:20"}
{"level":"warning","message":"GET en /api/users/test - at 14/3/2024 - 11:56:20"}
{"level":"error","message":"GET en /api/users/test - at 14/3/2024 - 11:56:20"}
{"level":"warning","message":"GET en /api/users/test - at 14/3/2024 - 11:56:20"}
{"level":"error","message":"GET en /api/users/test - at 14/3/2024 - 11:56:20"}
{"level":"warning","message":"GET en /api/users/test - at 14/3/2024 - 11:56:21"}
{"level":"error","message":"GET en /api/users/test - at 14/3/2024 - 11:56:21"}
{"level":"warning","message":"GET en /api/users/test - at 14/3/2024 - 11:56:21"}
{"level":"error","message":"GET en /api/users/test - at 14/3/2024 - 11:56:21"}
{"level":"warning","message":"GET en /api/users/test - at 14/3/2024 - 11:56:21"}
{"level":"error","message":"GET en /api/users/test - at 14/3/2024 - 11:56:21"}
{"level":"warning","message":"GET en /api/users/test - at 14/3/2024 - 11:56:21"}
{"level":"error","message":"GET en /api/users/test - at 14/3/2024 - 11:56:21"}
{"level":"warning","message":"GET en /api/users/test - at 14/3/2024 - 11:56:21"}
{"level":"error","message":"GET en /api/users/test - at 14/3/2024 - 11:56:21"}
{"level":"warning","message":"GET en /api/users/test - at 14/3/2024 - 11:56:21"}
{"level":"error","message":"GET en /api/users/test - at 14/3/2024 - 11:56:21"}
{"level":"warning","message":"GET en /api/users/test - at 14/3/2024 - 11:56:21"}
{"level":"error","message":"GET en /api/users/test - at 14/3/2024 - 11:56:21"}
{"level":"warning","message":"GET en /api/users/test - at 14/3/2024 - 11:56:21"}
{"level":"error","message":"GET en /api/users/test - at 14/3/2024 - 11:56:21"}
{"level":"warning","message":"GET en /api/users/test - at 14/3/2024 - 11:56:21"}
{"level":"error","message":"GET en /api/users/test - at 14/3/2024 - 11:56:21"}
{"level":"warning","message":"GET en /api/users/test - at 14/3/2024 - 11:56:21"}
{"level":"error","message":"GET en /api/users/test - at 14/3/2024 - 11:56:21"}
{"level":"warning","message":"GET en /api/users/test - at 14/3/2024 - 11:56:22"}
{"level":"error","message":"GET en /api/users/test - at 14/3/2024 - 11:56:22"}
{"level":"warning","message":"GET en /api/users/test - at 14/3/2024 - 11:56:22"}
{"level":"error","message":"GET en /api/users/test - at 14/3/2024 - 11:56:22"}
{"level":"warning","message":"GET en /api/users/test - at 14/3/2024 - 11:56:22"}
{"level":"error","message":"GET en /api/users/test - at 14/3/2024 - 11:56:22"}
{"level":"warning","message":"GET en /api/users/test - at 14/3/2024 - 11:56:22"}
{"level":"error","message":"GET en /api/users/test - at 14/3/2024 - 11:56:22"}
{"level":"warning","message":"GET en /api/users/test - at 14/3/2024 - 11:56:22"}
{"level":"error","message":"GET en /api/users/test - at 14/3/2024 - 11:56:22"}
